

HI-TECH Software PIC LITE Macro Assembler V9.83 build 10920 
                                                                                               Sat Dec 29 12:09:50 2018

HI-TECH Software Omniscient Code Generator (Lite mode) build 10920
     1  0000                     opt subtitle "HI-TECH Software Omniscient Code Generator (Lite mode) build 10920"
     2                           
     3                           opt pagewidth 120
     4                           
     5                           	opt lm
     6                           
     7                           	processor	16F877A
     8                           clrc	macro
     9                           	bcf	3,0
    10  0000                     	endm
    11                           clrz	macro
    12                           	bcf	3,2
    13  0000                     	endm
    14                           setc	macro
    15                           	bsf	3,0
    16  0000                     	endm
    17                           setz	macro
    18                           	bsf	3,2
    19  0000                     	endm
    20                           skipc	macro
    21                           	btfss	3,0
    22  0000                     	endm
    23                           skipz	macro
    24                           	btfss	3,2
    25  0000                     	endm
    26                           skipnc	macro
    27                           	btfsc	3,0
    28  0000                     	endm
    29                           skipnz	macro
    30                           	btfsc	3,2
    31  0000                     	endm
    32  0000                     indf	equ	0
    33  0000                     indf0	equ	0
    34  0002                     pc	equ	2
    35  0002                     pcl	equ	2
    36  0003                     status	equ	3
    37  0004                     fsr	equ	4
    38  0004                     fsr0	equ	4
    39  0001                     c	equ	1
    40  0000                     z	equ	0
    41  000A                     pclath	equ	10
    42                           # 4 "E:\02-CODING\05-LYCASOFT CODING\02-CODING\01-PIC16F877A\27-STEPPER MOTOR\CODE\STEPP
                                 ER MOTOR.c"
    43                           	psect config,class=CONFIG,delta=2 ;#
    44                           # 4 "E:\02-CODING\05-LYCASOFT CODING\02-CODING\01-PIC16F877A\27-STEPPER MOTOR\CODE\STEPP
                                 ER MOTOR.c"
    45  2007  3F3A               	dw 0X3F3A ;#
    46                           	FNROOT	_main
    47                           	global	_PORTC
    48                           psect	maintext,global,class=CODE,delta=2
    49                           global __pmaintext
    50  07B0                     __pmaintext:
    51  0007                     _PORTC	set	7
    52                           	global	_CARRY
    53  0018                     _CARRY	set	24
    54                           	global	_GIE
    55  005F                     _GIE	set	95
    56                           	global	_TRISC
    57  0087                     _TRISC	set	135
    58                           	global	_EEADR
    59  010D                     _EEADR	set	269
    60                           	global	_EEDATA
    61  010C                     _EEDATA	set	268
    62                           	global	_EECON1
    63  018C                     _EECON1	set	396
    64                           	global	_EECON2
    65  018D                     _EECON2	set	397
    66                           	global	_RD
    67  0C60                     _RD	set	3168
    68                           	global	_WR
    69  0C61                     _WR	set	3169
    70                           	global	_WREN
    71  0C62                     _WREN	set	3170
    72                           	file	"STEPPER MOTOR.as"
    73                           	line	#
    74                           psect cinit,class=CODE,delta=2
    75                           global start_initialization
    76  07AC                     start_initialization:
    77                           
    78                           psect cinit,class=CODE,delta=2
    79                           global end_of_initialization
    80                           
    81                           ;End of C runtime variable initialization code
    82                           
    83  07AC                     end_of_initialization:
    84  07AC  0183               clrf status
    85  07AD  120A  118A  2FB0   ljmp _main	;jump to C main() function
    86                           psect	cstackCOMMON,class=COMMON,space=1
    87                           global __pcstackCOMMON
    88  0070                     __pcstackCOMMON:
    89                           	global	?_main
    90  0070                     ?_main:	; 0 bytes @ 0x0
    91                           	global	??_main
    92  0070                     ??_main:	; 0 bytes @ 0x0
    93  0070                     	ds	3
    94 ;;Data sizes: Strings 0, constant 0, data 0, bss 0, persistent 0 stack 0
    95 ;;Auto spaces:   Size  Autos    Used
    96 ;; COMMON          14      3       3
    97 ;; BANK0           80      0       0
    98 ;; BANK1           80      0       0
    99 ;; BANK3           96      0       0
   100 ;; BANK2           96      0       0
   101                           
   102 ;;
   103 ;; Pointer list with targets:
   104                           
   105                           
   106                           
   107 ;;
   108 ;; Critical Paths under _main in COMMON
   109 ;;
   110 ;;   None.
   111 ;;
   112 ;; Critical Paths under _main in BANK0
   113 ;;
   114 ;;   None.
   115 ;;
   116 ;; Critical Paths under _main in BANK1
   117 ;;
   118 ;;   None.
   119 ;;
   120 ;; Critical Paths under _main in BANK3
   121 ;;
   122 ;;   None.
   123 ;;
   124 ;; Critical Paths under _main in BANK2
   125 ;;
   126 ;;   None.
   127                           
   128 ;;
   129 ;;Main: autosize = 0, tempsize = 3, incstack = 0, save=0
   130 ;;
   131                           
   132 ;;
   133 ;;Call Graph Tables:
   134 ;;
   135 ;; ---------------------------------------------------------------------------------
   136 ;; (Depth) Function   	        Calls       Base Space   Used Autos Params    Refs
   137 ;; ---------------------------------------------------------------------------------
   138 ;; (0) _main                                                 3     3      0       0
   139 ;;                                              0 COMMON     3     3      0
   140 ;; ---------------------------------------------------------------------------------
   141 ;; Estimated maximum stack depth 0
   142 ;; ---------------------------------------------------------------------------------
   143                           
   144 ;; Call Graph Graphs:
   145                           
   146 ;; _main (ROOT)
   147 ;;
   148                           
   149 ;; Address spaces:
   150                           
   151 ;;Name               Size   Autos  Total    Cost      Usage
   152 ;;BITCOMMON            E      0       0       0        0.0%
   153 ;;EEDATA             100      0       0       0        0.0%
   154 ;;NULL                 0      0       0       0        0.0%
   155 ;;CODE                 0      0       0       0        0.0%
   156 ;;COMMON               E      3       3       1       21.4%
   157 ;;BITSFR0              0      0       0       1        0.0%
   158 ;;SFR0                 0      0       0       1        0.0%
   159 ;;BITSFR1              0      0       0       2        0.0%
   160 ;;SFR1                 0      0       0       2        0.0%
   161 ;;STACK                0      0       0       2        0.0%
   162 ;;ABS                  0      0       0       3        0.0%
   163 ;;BITBANK0            50      0       0       4        0.0%
   164 ;;BITSFR3              0      0       0       4        0.0%
   165 ;;SFR3                 0      0       0       4        0.0%
   166 ;;BANK0               50      0       0       5        0.0%
   167 ;;BITSFR2              0      0       0       5        0.0%
   168 ;;SFR2                 0      0       0       5        0.0%
   169 ;;BITBANK1            50      0       0       6        0.0%
   170 ;;BANK1               50      0       0       7        0.0%
   171 ;;BITBANK3            60      0       0       8        0.0%
   172 ;;BANK3               60      0       0       9        0.0%
   173 ;;BITBANK2            60      0       0      10        0.0%
   174 ;;BANK2               60      0       0      11        0.0%
   175 ;;DATA                 0      0       0      12        0.0%
   176                           
   177                           	global	_main
   178                           psect	maintext
   179                           
   180 ;; *************** function _main *****************
   181 ;; Defined at:
   182 ;;		line 7 in file "E:\02-CODING\05-LYCASOFT CODING\02-CODING\01-PIC16F877A\27-STEPPER MOTOR\CODE\STEPPER MOTOR.c"
   183 ;; Parameters:    Size  Location     Type
   184 ;;		None
   185 ;; Auto vars:     Size  Location     Type
   186 ;;		None
   187 ;; Return value:  Size  Location     Type
   188 ;;		None               void
   189 ;; Registers used:
   190 ;;		wreg, status,2
   191 ;; Tracked objects:
   192 ;;		On entry : 17F/0
   193 ;;		On exit  : 0/0
   194 ;;		Unchanged: 0/0
   195 ;; Data sizes:     COMMON   BANK0   BANK1   BANK3   BANK2
   196 ;;      Params:         0       0       0       0       0
   197 ;;      Locals:         0       0       0       0       0
   198 ;;      Temps:          3       0       0       0       0
   199 ;;      Totals:         3       0       0       0       0
   200 ;;Total ram usage:        3 bytes
   201 ;; This function calls:
   202 ;;		Nothing
   203 ;; This function is called by:
   204 ;;		Startup code after reset
   205 ;; This function uses a non-reentrant model
   206 ;;
   207                           psect	maintext
   208                           	file	"E:\02-CODING\05-LYCASOFT CODING\02-CODING\01-PIC16F877A\27-STEPPER MOTOR\CODE\STE
                                 PPER MOTOR.c"
   209                           	line	7
   210                           	global	__size_of_main
   211  0050                     	__size_of_main	equ	__end_of_main-_main
   212                           	
   213  07B0                     _main:	
   214                           	opt	stack 8
   215                           ; Regs used in _main: [wreg+status,2]
   216                           	line	8
   217                           	
   218  07B0                     l2595:	
   219                           ;STEPPER MOTOR.c: 8: TRISC=0X00;
   220  07B0  1683               	bsf	status, 5	;RP0=1, select bank1
   221  07B1  1303               	bcf	status, 6	;RP1=0, select bank1
   222  07B2  0187               	clrf	(135)^080h	;volatile
   223                           	line	9
   224                           ;STEPPER MOTOR.c: 9: PORTC=0X00;
   225  07B3  1283               	bcf	status, 5	;RP0=0, select bank0
   226  07B4  1303               	bcf	status, 6	;RP1=0, select bank0
   227  07B5  0187               	clrf	(7)	;volatile
   228  07B6  2FB7               	goto	l2597
   229                           	line	10
   230                           ;STEPPER MOTOR.c: 10: while(1)
   231                           	
   232  07B7                     l687:	
   233                           	line	12
   234                           	
   235  07B7                     l2597:	
   236                           ;STEPPER MOTOR.c: 11: {
   237                           ;STEPPER MOTOR.c: 12: PORTC=0X01;
   238  07B7  3001               	movlw	(01h)
   239  07B8  1283               	bcf	status, 5	;RP0=0, select bank0
   240  07B9  1303               	bcf	status, 6	;RP1=0, select bank0
   241  07BA  0087               	movwf	(7)	;volatile
   242                           	line	13
   243                           	
   244  07BB                     l2599:	
   245                           ;STEPPER MOTOR.c: 13: _delay((unsigned long)((50)*(29e6/4000.0)));
   246                           	opt asmopt_off
   247  07BB  3002               movlw  2
   248  07BC  00F2               movwf	((??_main+0)+0+2),f
   249  07BD  30D7               movlw	215
   250  07BE  00F1               movwf	((??_main+0)+0+1),f
   251  07BF  30C4               	movlw	196
   252  07C0  00F0               movwf	((??_main+0)+0),f
   253  07C1                     u2227:
   254  07C1  0BF0               	decfsz	((??_main+0)+0),f
   255  07C2  2FC1               	goto	u2227
   256  07C3  0BF1               	decfsz	((??_main+0)+0+1),f
   257  07C4  2FC1               	goto	u2227
   258  07C5  0BF2               	decfsz	((??_main+0)+0+2),f
   259  07C6  2FC1               	goto	u2227
   260  07C7  0064               	clrwdt
   261                           opt asmopt_on
   262                           
   263                           	line	14
   264                           	
   265  07C8                     l2601:	
   266                           ;STEPPER MOTOR.c: 14: PORTC=0X04;
   267  07C8  3004               	movlw	(04h)
   268  07C9  1283               	bcf	status, 5	;RP0=0, select bank0
   269  07CA  1303               	bcf	status, 6	;RP1=0, select bank0
   270  07CB  0087               	movwf	(7)	;volatile
   271                           	line	15
   272                           	
   273  07CC                     l2603:	
   274                           ;STEPPER MOTOR.c: 15: _delay((unsigned long)((50)*(29e6/4000.0)));
   275                           	opt asmopt_off
   276  07CC  3002               movlw  2
   277  07CD  00F2               movwf	((??_main+0)+0+2),f
   278  07CE  30D7               movlw	215
   279  07CF  00F1               movwf	((??_main+0)+0+1),f
   280  07D0  30C4               	movlw	196
   281  07D1  00F0               movwf	((??_main+0)+0),f
   282  07D2                     u2237:
   283  07D2  0BF0               	decfsz	((??_main+0)+0),f
   284  07D3  2FD2               	goto	u2237
   285  07D4  0BF1               	decfsz	((??_main+0)+0+1),f
   286  07D5  2FD2               	goto	u2237
   287  07D6  0BF2               	decfsz	((??_main+0)+0+2),f
   288  07D7  2FD2               	goto	u2237
   289  07D8  0064               	clrwdt
   290                           opt asmopt_on
   291                           
   292                           	line	16
   293                           	
   294  07D9                     l2605:	
   295                           ;STEPPER MOTOR.c: 16: PORTC=0X02;
   296  07D9  3002               	movlw	(02h)
   297  07DA  1283               	bcf	status, 5	;RP0=0, select bank0
   298  07DB  1303               	bcf	status, 6	;RP1=0, select bank0
   299  07DC  0087               	movwf	(7)	;volatile
   300                           	line	17
   301                           	
   302  07DD                     l2607:	
   303                           ;STEPPER MOTOR.c: 17: _delay((unsigned long)((50)*(29e6/4000.0)));
   304                           	opt asmopt_off
   305  07DD  3002               movlw  2
   306  07DE  00F2               movwf	((??_main+0)+0+2),f
   307  07DF  30D7               movlw	215
   308  07E0  00F1               movwf	((??_main+0)+0+1),f
   309  07E1  30C4               	movlw	196
   310  07E2  00F0               movwf	((??_main+0)+0),f
   311  07E3                     u2247:
   312  07E3  0BF0               	decfsz	((??_main+0)+0),f
   313  07E4  2FE3               	goto	u2247
   314  07E5  0BF1               	decfsz	((??_main+0)+0+1),f
   315  07E6  2FE3               	goto	u2247
   316  07E7  0BF2               	decfsz	((??_main+0)+0+2),f
   317  07E8  2FE3               	goto	u2247
   318  07E9  0064               	clrwdt
   319                           opt asmopt_on
   320                           
   321                           	line	18
   322                           	
   323  07EA                     l2609:	
   324                           ;STEPPER MOTOR.c: 18: PORTC=0X08;
   325  07EA  3008               	movlw	(08h)
   326  07EB  1283               	bcf	status, 5	;RP0=0, select bank0
   327  07EC  1303               	bcf	status, 6	;RP1=0, select bank0
   328  07ED  0087               	movwf	(7)	;volatile
   329                           	line	19
   330                           	
   331  07EE                     l2611:	
   332                           ;STEPPER MOTOR.c: 19: _delay((unsigned long)((50)*(29e6/4000.0)));
   333                           	opt asmopt_off
   334  07EE  3002               movlw  2
   335  07EF  00F2               movwf	((??_main+0)+0+2),f
   336  07F0  30D7               movlw	215
   337  07F1  00F1               movwf	((??_main+0)+0+1),f
   338  07F2  30C4               	movlw	196
   339  07F3  00F0               movwf	((??_main+0)+0),f
   340  07F4                     u2257:
   341  07F4  0BF0               	decfsz	((??_main+0)+0),f
   342  07F5  2FF4               	goto	u2257
   343  07F6  0BF1               	decfsz	((??_main+0)+0+1),f
   344  07F7  2FF4               	goto	u2257
   345  07F8  0BF2               	decfsz	((??_main+0)+0+2),f
   346  07F9  2FF4               	goto	u2257
   347  07FA  0064               	clrwdt
   348                           opt asmopt_on
   349                           
   350  07FB  2FB7               	goto	l2597
   351                           	line	20
   352                           	
   353  07FC                     l688:	
   354                           	line	10
   355  07FC  2FB7               	goto	l2597
   356                           	
   357  07FD                     l689:	
   358                           	line	21
   359                           	
   360  07FD                     l690:	
   361                           	global	start
   362  07FD  120A  118A  2800   	ljmp	start
   363                           	opt stack 0
   364                           GLOBAL	__end_of_main
   365  0800                     	__end_of_main:
   366 ;; =============== function _main ends ============
   367                           
   368                           	signat	_main,88
   369                           psect	maintext
   370                           	global	btemp
   371  007E                     	btemp set 07Eh
   372                           
   373                           	DABS	1,126,2	;btemp
   374                           	global	wtemp0
   375  007E                     	wtemp0 set btemp


HI-TECH Software PICC Macro Assembler V9.83 build 10920 
Symbol Table                                                                                   Sat Dec 29 12:09:50 2018

                  _RD 0C60                    _WR 0C61                   l690 07FD                   l687 07B7  
                 l688 07FC                   l689 07FD                   _GIE 005F                  l2601 07C8  
                l2611 07EE                  l2603 07CC                  l2605 07D9                  l2607 07DD  
                l2609 07EA                  l2595 07B0                  l2597 07B7                  l2599 07BB  
                u2227 07C1                  u2237 07D2                  u2247 07E3                  u2257 07F4  
                _WREN 0C62                  _main 07B0                  btemp 007E                  start 0000  
               ?_main 0070                 _EEADR 010D                 _CARRY 0018                 _PORTC 0007  
               _TRISC 0087                 status 0003                 wtemp0 007E          __end_of_main 0800  
              ??_main 0070                _EEDATA 010C                _EECON1 018C                _EECON2 018D  
      __pcstackCOMMON 0070            __pmaintext 07B0  end_of_initialization 07AC   start_initialization 07AC  
       __size_of_main 0050  
